<?xml version="1.0" encoding="UTF-8"?>
<testsuite xmlns:xsi="http://www.w3.org/2001/XMLSchema-instance" xsi:noNamespaceSchemaLocation="https://maven.apache.org/surefire/maven-surefire-plugin/xsd/surefire-test-report-3.0.xsd" version="3.0" name="com.urlshortener.UrlShortenerIntegrationTest" time="4.952" tests="3" errors="0" skipped="0" failures="0">
  <properties>
[...]
</properties>
  <testcase name="shouldRedirectToOriginalUrl" classname="com.urlshortener.UrlShortenerIntegrationTest" time="0.841">
    <system-out><![CDATA[18:14:32.728 [main] INFO org.springframework.test.context.support.AnnotationConfigContextLoaderUtils -- Could not detect default configuration classes for test class [com.urlshortener.UrlShortenerIntegrationTest]: UrlShortenerIntegrationTest does not declare any static, non-private, non-final, nested classes annotated with @Configuration.
18:14:32.838 [main] INFO org.springframework.boot.test.context.SpringBootTestContextBootstrapper -- Found @SpringBootConfiguration com.urlshortener.UrlShortenerApplication for test class com.urlshortener.UrlShortenerIntegrationTest

  .   ____          _            __ _ _
 /\\ / ___'_ __ _ _(_)_ __  __ _ \ \ \ \
( ( )\___ | '_ | '_| | '_ \/ _` | \ \ \ \
 \\/  ___)| |_)| | | | | || (_| |  ) ) ) )
  '  |____| .__|_| |_|_| |_\__, | / / / /
 =========|_|==============|___/=/_/_/_/
 :: Spring Boot ::                (v3.2.2)

2026-01-31T18:14:33.200+05:30  INFO 7080 --- [           main] c.u.UrlShortenerIntegrationTest          : Starting UrlShortenerIntegrationTest using Java 17.0.12 with PID 7080 (started by RAKESH PATEL in D:\ROSHNI\AI-Projects\URL-sortner)
2026-01-31T18:14:33.201+05:30  INFO 7080 --- [           main] c.u.UrlShortenerIntegrationTest          : No active profile set, falling back to 1 default profile: "default"
2026-01-31T18:14:33.895+05:30  INFO 7080 --- [           main] .s.d.r.c.RepositoryConfigurationDelegate : Bootstrapping Spring Data JPA repositories in DEFAULT mode.
2026-01-31T18:14:33.962+05:30  INFO 7080 --- [           main] .s.d.r.c.RepositoryConfigurationDelegate : Finished Spring Data repository scanning in 58 ms. Found 1 JPA repository interface.
2026-01-31T18:14:34.380+05:30  INFO 7080 --- [           main] o.hibernate.jpa.internal.util.LogHelper  : HHH000204: Processing PersistenceUnitInfo [name: default]
2026-01-31T18:14:34.442+05:30  INFO 7080 --- [           main] org.hibernate.Version                    : HHH000412: Hibernate ORM core version 6.4.1.Final
2026-01-31T18:14:34.491+05:30  INFO 7080 --- [           main] o.h.c.internal.RegionFactoryInitiator    : HHH000026: Second-level cache disabled
2026-01-31T18:14:34.744+05:30  INFO 7080 --- [           main] o.s.o.j.p.SpringPersistenceUnitInfo      : No LoadTimeWeaver setup: ignoring JPA class transformer
2026-01-31T18:14:34.770+05:30  INFO 7080 --- [           main] com.zaxxer.hikari.HikariDataSource       : HikariPool-1 - Starting...
2026-01-31T18:14:34.918+05:30  INFO 7080 --- [           main] com.zaxxer.hikari.pool.HikariPool        : HikariPool-1 - Added connection conn0: url=jdbc:h2:mem:testdb user=SA
2026-01-31T18:14:34.920+05:30  INFO 7080 --- [           main] com.zaxxer.hikari.HikariDataSource       : HikariPool-1 - Start completed.
2026-01-31T18:14:34.935+05:30  WARN 7080 --- [           main] org.hibernate.orm.deprecation            : HHH90000025: H2Dialect does not need to be specified explicitly using 'hibernate.dialect' (remove the property setting and it will be selected by default)
2026-01-31T18:14:35.582+05:30  INFO 7080 --- [           main] o.h.e.t.j.p.i.JtaPlatformInitiator       : HHH000489: No JTA platform available (set 'hibernate.transaction.jta.platform' to enable JTA platform integration)
Hibernate: drop table if exists url_mappings cascade 
Hibernate: create table url_mappings (click_count integer not null, created_at timestamp(6) not null, id bigint generated by default as identity, short_code varchar(10) not null unique, original_url varchar(2048) not null, primary key (id))
2026-01-31T18:14:35.613+05:30  INFO 7080 --- [           main] j.LocalContainerEntityManagerFactoryBean : Initialized JPA EntityManagerFactory for persistence unit 'default'
2026-01-31T18:14:36.101+05:30  WARN 7080 --- [           main] JpaBaseConfiguration$JpaWebConfiguration : spring.jpa.open-in-view is enabled by default. Therefore, database queries may be performed during view rendering. Explicitly configure spring.jpa.open-in-view to disable this warning
2026-01-31T18:14:36.487+05:30  INFO 7080 --- [           main] o.s.b.t.m.w.SpringBootMockServletContext : Initializing Spring TestDispatcherServlet ''
2026-01-31T18:14:36.487+05:30  INFO 7080 --- [           main] o.s.t.web.servlet.TestDispatcherServlet  : Initializing Servlet ''
2026-01-31T18:14:36.490+05:30  INFO 7080 --- [           main] o.s.t.web.servlet.TestDispatcherServlet  : Completed initialization in 1 ms
2026-01-31T18:14:36.512+05:30  INFO 7080 --- [           main] c.u.UrlShortenerIntegrationTest          : Started UrlShortenerIntegrationTest in 3.529 seconds (process running for 4.395)
Hibernate: select um1_0.id,um1_0.click_count,um1_0.created_at,um1_0.original_url,um1_0.short_code from url_mappings um1_0
Hibernate: insert into url_mappings (click_count,created_at,original_url,short_code,id) values (?,?,?,?,default)
Hibernate: select um1_0.id,um1_0.click_count,um1_0.created_at,um1_0.original_url,um1_0.short_code from url_mappings um1_0 where um1_0.short_code=?
Hibernate: update url_mappings set click_count=?,created_at=?,original_url=?,short_code=? where id=?
]]></system-out>
  </testcase>
  <testcase name="shouldShortenUrl" classname="com.urlshortener.UrlShortenerIntegrationTest" time="0.137">
    <system-out><![CDATA[Hibernate: select um1_0.id,um1_0.click_count,um1_0.created_at,um1_0.original_url,um1_0.short_code from url_mappings um1_0
Hibernate: delete from url_mappings where id=?
Hibernate: select um1_0.id,um1_0.click_count,um1_0.created_at,um1_0.original_url,um1_0.short_code from url_mappings um1_0 where um1_0.original_url=?
Hibernate: select um1_0.id,um1_0.click_count,um1_0.created_at,um1_0.original_url,um1_0.short_code from url_mappings um1_0 where um1_0.short_code=?
Hibernate: insert into url_mappings (click_count,created_at,original_url,short_code,id) values (?,?,?,?,default)

MockHttpServletRequest:
      HTTP Method = POST
      Request URI = /api/shorten
       Parameters = {}
          Headers = [Content-Type:"application/json;charset=UTF-8", Content-Length:"64"]
             Body = {"longUrl":"https://resume-screener-eight.vercel.app/dashboard"}
    Session Attrs = {}

Handler:
             Type = com.urlshortener.controller.UrlShortenerController
           Method = com.urlshortener.controller.UrlShortenerController#shortenUrl(UrlRequest, HttpServletRequest)

Async:
    Async started = false
     Async result = null

Resolved Exception:
             Type = null

ModelAndView:
        View name = null
             View = null
            Model = null

FlashMap:
       Attributes = null

MockHttpServletResponse:
           Status = 200
    Error message = null
          Headers = [Content-Type:"application/json"]
     Content type = application/json
             Body = {"originalUrl":"https://resume-screener-eight.vercel.app/dashboard","shortUrl":"http://localhost/WzdNK0","shortCode":"WzdNK0","createdAt":"2026-01-31T18:14:37.470739","clickCount":0}
    Forwarded URL = null
   Redirected URL = null
          Cookies = []
]]></system-out>
  </testcase>
  <testcase name="shouldReturn400ForInvalidUrl" classname="com.urlshortener.UrlShortenerIntegrationTest" time="0.02">
    <system-out><![CDATA[Hibernate: select um1_0.id,um1_0.click_count,um1_0.created_at,um1_0.original_url,um1_0.short_code from url_mappings um1_0
Hibernate: delete from url_mappings where id=?
]]></system-out>
  </testcase>
</testsuite>